14:48:13 **** Incremental Build of configuration Debug for project CAN_Test ****
make -j16 all 
arm-none-eabi-gcc -o "CAN_Test.elf" @"objects.list"   -mcpu=cortex-m4 -T"C:\Users\RuiMendes\OneDrive - Nomad Tech Lda\Documentos\Repositories\Laboratory\A8 - STM Supervisors\ZD2 - DepricatedSnippets\B - CAN-USART\B - CAN_Test\STM32F412RETX_FLASH.ld" --specs=nosys.specs -Wl,-Map="CAN_Test.map" -Wl,--gc-sections -static --specs=nano.specs -mfpu=fpv4-sp-d16 -mfloat-abi=hard -mthumb -Wl,--start-group -lc -lm -Wl,--end-group
c:\st\stm32cubeide_1.10.1\stm32cubeide\plugins\com.st.stm32cube.ide.mcu.externaltools.gnu-tools-for-stm32.10.3-2021.10.win32_1.0.0.202111181127\tools\arm-none-eabi\bin\ld.exe: ./Core/Startup/startup_stm32f412retx.o:(.isr_vector+0x0): multiple definition of `g_pfnVectors'; ./CAN_Test/Core/Startup/startup_stm32f412retx.o:(.isr_vector+0x0): first defined here
c:\st\stm32cubeide_1.10.1\stm32cubeide\plugins\com.st.stm32cube.ide.mcu.externaltools.gnu-tools-for-stm32.10.3-2021.10.win32_1.0.0.202111181127\tools\arm-none-eabi\bin\ld.exe: ./Core/Startup/startup_stm32f412retx.o: in function `Default_Handler':
C:/Users/RuiMendes/OneDrive - Nomad Tech Lda/Documentos/Repositories/Laboratory/A8 - STM Supervisors/ZD2 - DepricatedSnippets/B - CAN-USART/B - CAN_Test/Debug/../Core/Startup/startup_stm32f412retx.s:113: multiple definition of `Default_Handler'; ./CAN_Test/Core/Startup/startup_stm32f412retx.o:C:/Users/RuiMendes/OneDrive - Nomad Tech Lda/Documentos/Repositories/Laboratory/A8 - STM Supervisors/ZD2 - DepricatedSnippets/B - CAN-USART/B - CAN_Test/Debug/../CAN_Test/Core/Startup/startup_stm32f412retx.s:113: first defined here
collect2.exe: error: ld returned 1 exit status
make: *** [makefile:65: CAN_Test.elf] Error 1
"make -j16 all" terminated with exit code 2. Build might be incomplete.

14:48:14 Build Failed. 4 errors, 0 warnings. (took 852ms)

